Analysis & Elaboration report for Prime_Finder
Tue Dec 09 21:58:42 2025
Quartus Prime Version 18.1.0 Build 625 09/12/2018 SJ Lite Edition


---------------------
; Table of Contents ;
---------------------
  1. Legal Notice
  2. Analysis & Elaboration Summary
  3. Parallel Compilation
  4. Analysis & Elaboration Settings
  5. Port Connectivity Checks: "LongDivision_4bit_Group55:DIV_BY_5"
  6. Port Connectivity Checks: "LongDivision_4bit_Group55:DIV_BY_3"
  7. Port Connectivity Checks: "LongDivision_4bit_Group55:DIV_BY_2"
  8. Analysis & Elaboration Messages



----------------
; Legal Notice ;
----------------
Copyright (C) 2018  Intel Corporation. All rights reserved.
Your use of Intel Corporation's design tools, logic functions 
and other software and tools, and its AMPP partner logic 
functions, and any output files from any of the foregoing 
(including device programming or simulation files), and any 
associated documentation or information are expressly subject 
to the terms and conditions of the Intel Program License 
Subscription Agreement, the Intel Quartus Prime License Agreement,
the Intel FPGA IP License Agreement, or other applicable license
agreement, including, without limitation, that your use is for
the sole purpose of programming logic devices manufactured by
Intel and sold by Intel or its authorized distributors.  Please
refer to the applicable agreement for further details.



+----------------------------------------------------------------------------------+
; Analysis & Elaboration Summary                                                   ;
+------------------------------------+---------------------------------------------+
; Analysis & Elaboration Status      ; Successful - Tue Dec 09 21:58:42 2025       ;
; Quartus Prime Version              ; 18.1.0 Build 625 09/12/2018 SJ Lite Edition ;
; Revision Name                      ; Prime_Finder                                ;
; Top-level Entity Name              ; Prime_Finder_Parallel_Group55               ;
; Family                             ; MAX 10                                      ;
; Total logic elements               ; N/A until Partition Merge                   ;
;     Total combinational functions  ; N/A until Partition Merge                   ;
;     Dedicated logic registers      ; N/A until Partition Merge                   ;
; Total registers                    ; N/A until Partition Merge                   ;
; Total pins                         ; N/A until Partition Merge                   ;
; Total virtual pins                 ; N/A until Partition Merge                   ;
; Total memory bits                  ; N/A until Partition Merge                   ;
; Embedded Multiplier 9-bit elements ; N/A until Partition Merge                   ;
; Total PLLs                         ; N/A until Partition Merge                   ;
; UFM blocks                         ; N/A until Partition Merge                   ;
; ADC blocks                         ; N/A until Partition Merge                   ;
+------------------------------------+---------------------------------------------+


+------------------------------------------+
; Parallel Compilation                     ;
+----------------------------+-------------+
; Processors                 ; Number      ;
+----------------------------+-------------+
; Number detected on machine ; 16          ;
; Maximum allowed            ; 16          ;
;                            ;             ;
; Average used               ; 1.00        ;
; Maximum used               ; 1           ;
;                            ;             ;
; Usage by Processor         ; % Time Used ;
;     Processor 1            ; 100.0%      ;
+----------------------------+-------------+


+-----------------------------------------------------------------------------------------------------------------------+
; Analysis & Elaboration Settings                                                                                       ;
+------------------------------------------------------------------+-------------------------------+--------------------+
; Option                                                           ; Setting                       ; Default Value      ;
+------------------------------------------------------------------+-------------------------------+--------------------+
; Device                                                           ; 10M50DAF484C7G                ;                    ;
; Top-level entity name                                            ; Prime_Finder_Parallel_Group55 ; Prime_Finder       ;
; Family name                                                      ; MAX 10                        ; Cyclone V          ;
; Use smart compilation                                            ; Off                           ; Off                ;
; Enable parallel Assembler and Timing Analyzer during compilation ; On                            ; On                 ;
; Enable compact report table                                      ; Off                           ; Off                ;
; Restructure Multiplexers                                         ; Auto                          ; Auto               ;
; Create Debugging Nodes for IP Cores                              ; Off                           ; Off                ;
; Preserve fewer node names                                        ; On                            ; On                 ;
; Intel FPGA IP Evaluation Mode                                    ; Enable                        ; Enable             ;
; Verilog Version                                                  ; Verilog_2001                  ; Verilog_2001       ;
; VHDL Version                                                     ; VHDL_1993                     ; VHDL_1993          ;
; State Machine Processing                                         ; Auto                          ; Auto               ;
; Safe State Machine                                               ; Off                           ; Off                ;
; Extract Verilog State Machines                                   ; On                            ; On                 ;
; Extract VHDL State Machines                                      ; On                            ; On                 ;
; Ignore Verilog initial constructs                                ; Off                           ; Off                ;
; Iteration limit for constant Verilog loops                       ; 5000                          ; 5000               ;
; Iteration limit for non-constant Verilog loops                   ; 250                           ; 250                ;
; Add Pass-Through Logic to Inferred RAMs                          ; On                            ; On                 ;
; Infer RAMs from Raw Logic                                        ; On                            ; On                 ;
; Parallel Synthesis                                               ; On                            ; On                 ;
; DSP Block Balancing                                              ; Auto                          ; Auto               ;
; NOT Gate Push-Back                                               ; On                            ; On                 ;
; Power-Up Don't Care                                              ; On                            ; On                 ;
; Remove Redundant Logic Cells                                     ; Off                           ; Off                ;
; Remove Duplicate Registers                                       ; On                            ; On                 ;
; Ignore CARRY Buffers                                             ; Off                           ; Off                ;
; Ignore CASCADE Buffers                                           ; Off                           ; Off                ;
; Ignore GLOBAL Buffers                                            ; Off                           ; Off                ;
; Ignore ROW GLOBAL Buffers                                        ; Off                           ; Off                ;
; Ignore LCELL Buffers                                             ; Off                           ; Off                ;
; Ignore SOFT Buffers                                              ; On                            ; On                 ;
; Limit AHDL Integers to 32 Bits                                   ; Off                           ; Off                ;
; Optimization Technique                                           ; Balanced                      ; Balanced           ;
; Carry Chain Length                                               ; 70                            ; 70                 ;
; Auto Carry Chains                                                ; On                            ; On                 ;
; Auto Open-Drain Pins                                             ; On                            ; On                 ;
; Perform WYSIWYG Primitive Resynthesis                            ; Off                           ; Off                ;
; Auto ROM Replacement                                             ; On                            ; On                 ;
; Auto RAM Replacement                                             ; On                            ; On                 ;
; Auto DSP Block Replacement                                       ; On                            ; On                 ;
; Auto Shift Register Replacement                                  ; Auto                          ; Auto               ;
; Allow Shift Register Merging across Hierarchies                  ; Auto                          ; Auto               ;
; Auto Clock Enable Replacement                                    ; On                            ; On                 ;
; Strict RAM Replacement                                           ; Off                           ; Off                ;
; Allow Synchronous Control Signals                                ; On                            ; On                 ;
; Force Use of Synchronous Clear Signals                           ; Off                           ; Off                ;
; Auto RAM Block Balancing                                         ; On                            ; On                 ;
; Auto RAM to Logic Cell Conversion                                ; Off                           ; Off                ;
; Auto Resource Sharing                                            ; Off                           ; Off                ;
; Allow Any RAM Size For Recognition                               ; Off                           ; Off                ;
; Allow Any ROM Size For Recognition                               ; Off                           ; Off                ;
; Allow Any Shift Register Size For Recognition                    ; Off                           ; Off                ;
; Use LogicLock Constraints during Resource Balancing              ; On                            ; On                 ;
; Ignore translate_off and synthesis_off directives                ; Off                           ; Off                ;
; Timing-Driven Synthesis                                          ; On                            ; On                 ;
; Report Parameter Settings                                        ; On                            ; On                 ;
; Report Source Assignments                                        ; On                            ; On                 ;
; Report Connectivity Checks                                       ; On                            ; On                 ;
; Ignore Maximum Fan-Out Assignments                               ; Off                           ; Off                ;
; Synchronization Register Chain Length                            ; 2                             ; 2                  ;
; Power Optimization During Synthesis                              ; Normal compilation            ; Normal compilation ;
; HDL message level                                                ; Level2                        ; Level2             ;
; Suppress Register Optimization Related Messages                  ; Off                           ; Off                ;
; Number of Removed Registers Reported in Synthesis Report         ; 5000                          ; 5000               ;
; Number of Swept Nodes Reported in Synthesis Report               ; 5000                          ; 5000               ;
; Number of Inverted Registers Reported in Synthesis Report        ; 100                           ; 100                ;
; Clock MUX Protection                                             ; On                            ; On                 ;
; Auto Gated Clock Conversion                                      ; Off                           ; Off                ;
; Block Design Naming                                              ; Auto                          ; Auto               ;
; SDC constraint protection                                        ; Off                           ; Off                ;
; Synthesis Effort                                                 ; Auto                          ; Auto               ;
; Shift Register Replacement - Allow Asynchronous Clear Signal     ; On                            ; On                 ;
; Pre-Mapping Resynthesis Optimization                             ; Off                           ; Off                ;
; Analysis & Synthesis Message Level                               ; Medium                        ; Medium             ;
; Disable Register Merging Across Hierarchies                      ; Auto                          ; Auto               ;
; Resource Aware Inference For Block RAM                           ; On                            ; On                 ;
+------------------------------------------------------------------+-------------------------------+--------------------+


+----------------------------------------------------------------------------------------------------------------------+
; Port Connectivity Checks: "LongDivision_4bit_Group55:DIV_BY_5"                                                       ;
+------------+--------+----------+-------------------------------------------------------------------------------------+
; Port       ; Type   ; Severity ; Details                                                                             ;
+------------+--------+----------+-------------------------------------------------------------------------------------+
; divisor[3] ; Input  ; Info     ; Stuck at GND                                                                        ;
; divisor[2] ; Input  ; Info     ; Stuck at VCC                                                                        ;
; divisor[1] ; Input  ; Info     ; Stuck at GND                                                                        ;
; divisor[0] ; Input  ; Info     ; Stuck at VCC                                                                        ;
; quotient   ; Output ; Info     ; Connected to dangling logic. Logic that only feeds a dangling port will be removed. ;
+------------+--------+----------+-------------------------------------------------------------------------------------+


+-------------------------------------------------------------------------------------------------------------------------+
; Port Connectivity Checks: "LongDivision_4bit_Group55:DIV_BY_3"                                                          ;
+---------------+--------+----------+-------------------------------------------------------------------------------------+
; Port          ; Type   ; Severity ; Details                                                                             ;
+---------------+--------+----------+-------------------------------------------------------------------------------------+
; divisor[1..0] ; Input  ; Info     ; Stuck at VCC                                                                        ;
; divisor[3..2] ; Input  ; Info     ; Stuck at GND                                                                        ;
; quotient      ; Output ; Info     ; Connected to dangling logic. Logic that only feeds a dangling port will be removed. ;
+---------------+--------+----------+-------------------------------------------------------------------------------------+


+-------------------------------------------------------------------------------------------------------------------------+
; Port Connectivity Checks: "LongDivision_4bit_Group55:DIV_BY_2"                                                          ;
+---------------+--------+----------+-------------------------------------------------------------------------------------+
; Port          ; Type   ; Severity ; Details                                                                             ;
+---------------+--------+----------+-------------------------------------------------------------------------------------+
; divisor[3..2] ; Input  ; Info     ; Stuck at GND                                                                        ;
; divisor[1]    ; Input  ; Info     ; Stuck at VCC                                                                        ;
; divisor[0]    ; Input  ; Info     ; Stuck at GND                                                                        ;
; quotient      ; Output ; Info     ; Connected to dangling logic. Logic that only feeds a dangling port will be removed. ;
+---------------+--------+----------+-------------------------------------------------------------------------------------+


+---------------------------------+
; Analysis & Elaboration Messages ;
+---------------------------------+
Info: *******************************************************************
Info: Running Quartus Prime Analysis & Elaboration
    Info: Version 18.1.0 Build 625 09/12/2018 SJ Lite Edition
    Info: Processing started: Tue Dec 09 21:58:31 2025
Info: Command: quartus_map --read_settings_files=on --write_settings_files=off Prime_Finder -c Prime_Finder --analysis_and_elaboration
Warning (18236): Number of processors has not been specified which may cause overloading on shared machines.  Set the global assignment NUM_PARALLEL_PROCESSORS in your QSF to an appropriate value for best performance.
Info (20030): Parallel compilation is enabled and will use 16 of the 16 processors detected
Info (12021): Found 2 design units, including 1 entities, in source file parallel_tb_group55.vhd
    Info (12022): Found design unit 1: Parallel_tb_Group55-sim File: D:/intelFPGA_lite/18.1/project/Prime_Finder/Parallel_tb_Group55.vhd Line: 18
    Info (12023): Found entity 1: Parallel_tb_Group55 File: D:/intelFPGA_lite/18.1/project/Prime_Finder/Parallel_tb_Group55.vhd Line: 15
Info (12021): Found 2 design units, including 1 entities, in source file extend_16bit_tb_group55.vhd
    Info (12022): Found design unit 1: Extend_16bit_tb_Group55-sim File: D:/intelFPGA_lite/18.1/project/Prime_Finder/Extend_16bit_tb_Group55.vhd Line: 19
    Info (12023): Found entity 1: Extend_16bit_tb_Group55 File: D:/intelFPGA_lite/18.1/project/Prime_Finder/Extend_16bit_tb_Group55.vhd Line: 16
Info (12021): Found 2 design units, including 1 entities, in source file cla_pipeline_tb_group55.vhd
    Info (12022): Found design unit 1: CLA_Pipeline_tb_Group55-sim File: D:/intelFPGA_lite/18.1/project/Prime_Finder/CLA_Pipeline_tb_Group55.vhd Line: 18
    Info (12023): Found entity 1: CLA_Pipeline_tb_Group55 File: D:/intelFPGA_lite/18.1/project/Prime_Finder/CLA_Pipeline_tb_Group55.vhd Line: 15
Info (12021): Found 2 design units, including 1 entities, in source file algorithm_6k1_tb_group55.vhd
    Info (12022): Found design unit 1: Algorithm_6k1_tb_Group55-sim File: D:/intelFPGA_lite/18.1/project/Prime_Finder/Algorithm_6k1_tb_Group55.vhd Line: 18
    Info (12023): Found entity 1: Algorithm_6k1_tb_Group55 File: D:/intelFPGA_lite/18.1/project/Prime_Finder/Algorithm_6k1_tb_Group55.vhd Line: 15
Info (12021): Found 2 design units, including 1 entities, in source file ripsub_8bit_group55.vhd
    Info (12022): Found design unit 1: RipSub_8bit_Group55-structural File: D:/intelFPGA_lite/18.1/project/Prime_Finder/RipSub_8bit_Group55.vhd Line: 24
    Info (12023): Found entity 1: RipSub_8bit_Group55 File: D:/intelFPGA_lite/18.1/project/Prime_Finder/RipSub_8bit_Group55.vhd Line: 15
Info (12021): Found 2 design units, including 1 entities, in source file prime_finder_parallel_group55.vhd
    Info (12022): Found design unit 1: Prime_Finder_Parallel_Group55-rtl File: D:/intelFPGA_lite/18.1/project/Prime_Finder/Prime_Finder_Parallel_Group55.vhd Line: 30
    Info (12023): Found entity 1: Prime_Finder_Parallel_Group55 File: D:/intelFPGA_lite/18.1/project/Prime_Finder/Prime_Finder_Parallel_Group55.vhd Line: 20
Info (12021): Found 2 design units, including 1 entities, in source file prime_finder_6k1_group55.vhd
    Info (12022): Found design unit 1: Prime_Finder_6k1_Group55-rtl File: D:/intelFPGA_lite/18.1/project/Prime_Finder/Prime_Finder_6k1_Group55.vhd Line: 34
    Info (12023): Found entity 1: Prime_Finder_6k1_Group55 File: D:/intelFPGA_lite/18.1/project/Prime_Finder/Prime_Finder_6k1_Group55.vhd Line: 23
Info (12021): Found 2 design units, including 1 entities, in source file prime_finder_16bit_top_group55.vhd
    Info (12022): Found design unit 1: Prime_Finder_16bit_Top_Group55-rtl File: D:/intelFPGA_lite/18.1/project/Prime_Finder/Prime_Finder_16bit_Top_Group55.vhd Line: 46
    Info (12023): Found entity 1: Prime_Finder_16bit_Top_Group55 File: D:/intelFPGA_lite/18.1/project/Prime_Finder/Prime_Finder_16bit_Top_Group55.vhd Line: 22
Info (12021): Found 2 design units, including 1 entities, in source file longdivision_cla_pipeline_group55.vhd
    Info (12022): Found design unit 1: LongDivision_CLA_Pipeline_Group55-rtl File: D:/intelFPGA_lite/18.1/project/Prime_Finder/LongDivision_CLA_Pipeline_Group55.vhd Line: 31
    Info (12023): Found entity 1: LongDivision_CLA_Pipeline_Group55 File: D:/intelFPGA_lite/18.1/project/Prime_Finder/LongDivision_CLA_Pipeline_Group55.vhd Line: 19
Info (12021): Found 2 design units, including 1 entities, in source file and_2bit_group55.vhd
    Info (12022): Found design unit 1: And_2bit_Group55-rtl File: D:/intelFPGA_lite/18.1/project/Prime_Finder/And_2bit_Group55.vhd Line: 19
    Info (12023): Found entity 1: And_2bit_Group55 File: D:/intelFPGA_lite/18.1/project/Prime_Finder/And_2bit_Group55.vhd Line: 11
Info (12021): Found 2 design units, including 1 entities, in source file full_adder_group55.vhd
    Info (12022): Found design unit 1: Full_adder_Group55-rtl File: D:/intelFPGA_lite/18.1/project/Prime_Finder/Full_adder_Group55.vhd Line: 31
    Info (12023): Found entity 1: Full_adder_Group55 File: D:/intelFPGA_lite/18.1/project/Prime_Finder/Full_adder_Group55.vhd Line: 21
Info (12021): Found 2 design units, including 1 entities, in source file multiplier_4bit_group55.vhd
    Info (12022): Found design unit 1: Multiplier_4bit_Group55-structural File: D:/intelFPGA_lite/18.1/project/Prime_Finder/Multiplier_4bit_Group55.vhd Line: 47
    Info (12023): Found entity 1: Multiplier_4bit_Group55 File: D:/intelFPGA_lite/18.1/project/Prime_Finder/Multiplier_4bit_Group55.vhd Line: 39
Info (12021): Found 2 design units, including 1 entities, in source file ripsub_4bit_group55.vhd
    Info (12022): Found design unit 1: RipSub_4bit_Group55-dataflow File: D:/intelFPGA_lite/18.1/project/Prime_Finder/RipSub_4bit_Group55.vhd Line: 34
    Info (12023): Found entity 1: RipSub_4bit_Group55 File: D:/intelFPGA_lite/18.1/project/Prime_Finder/RipSub_4bit_Group55.vhd Line: 25
Info (12021): Found 2 design units, including 1 entities, in source file longdivision_4bit_group55.vhd
    Info (12022): Found design unit 1: LongDivision_4bit_Group55-rtl File: D:/intelFPGA_lite/18.1/project/Prime_Finder/LongDivision_4bit_Group55.vhd Line: 40
    Info (12023): Found entity 1: LongDivision_4bit_Group55 File: D:/intelFPGA_lite/18.1/project/Prime_Finder/LongDivision_4bit_Group55.vhd Line: 28
Info (12021): Found 2 design units, including 1 entities, in source file prime_finder_group55.vhd
    Info (12022): Found design unit 1: Prime_Finder_Group55-rtl File: D:/intelFPGA_lite/18.1/project/Prime_Finder/Prime_Finder_Group55.vhd Line: 51
    Info (12023): Found entity 1: Prime_Finder_Group55 File: D:/intelFPGA_lite/18.1/project/Prime_Finder/Prime_Finder_Group55.vhd Line: 39
Info (12021): Found 2 design units, including 1 entities, in source file prime_finder_top_group55.vhd
    Info (12022): Found design unit 1: Prime_Finder_Top_Group55-rtl File: D:/intelFPGA_lite/18.1/project/Prime_Finder/Prime_Finder_Top_Group55.vhd Line: 44
    Info (12023): Found entity 1: Prime_Finder_Top_Group55 File: D:/intelFPGA_lite/18.1/project/Prime_Finder/Prime_Finder_Top_Group55.vhd Line: 23
Info (12127): Elaborating entity "Prime_Finder_Parallel_Group55" for the top level hierarchy
Info (12128): Elaborating entity "LongDivision_4bit_Group55" for hierarchy "LongDivision_4bit_Group55:DIV_BY_2" File: D:/intelFPGA_lite/18.1/project/Prime_Finder/Prime_Finder_Parallel_Group55.vhd Line: 72
Info (12128): Elaborating entity "RipSub_4bit_Group55" for hierarchy "LongDivision_4bit_Group55:DIV_BY_2|RipSub_4bit_Group55:SUBTRACTOR" File: D:/intelFPGA_lite/18.1/project/Prime_Finder/LongDivision_4bit_Group55.vhd Line: 70
Info: Quartus Prime Analysis & Elaboration was successful. 0 errors, 1 warning
    Info: Peak virtual memory: 4786 megabytes
    Info: Processing ended: Tue Dec 09 21:58:42 2025
    Info: Elapsed time: 00:00:11
    Info: Total CPU time (on all processors): 00:00:21


